<?xml version="1.0" encoding="UTF-8"?>
<!-- Generated by org.testng.reporters.JUnitReportReporter -->
<testsuite skipped="0" hostname="BLRL0000013672" name="TestNG.Priority_Example" tests="2" failures="0" timestamp="2021-11-23T21:08:31 IST" time="41.597" errors="0">
  <testcase name="GoogleTest" time="17.434" classname="TestNG.Priority_Example"/>
  <system-out/>
  <testcase name="AmazonTest" time="24.163" classname="TestNG.Priority_Example"/>
  <system-out/>
</testsuite> <!-- TestNG.Priority_Example -->
