<?xml version="1.0" encoding="UTF-8"?>
<!-- Generated by org.testng.reporters.JUnitReportReporter -->
<testsuite skipped="0" hostname="BLRL0000013672" name="TestNG.ExcelReader" tests="2" failures="0" timestamp="2021-11-29T21:08:28 IST" time="37.651" errors="0">
  <testcase name="GoogleTest" time="27.744" classname="TestNG.ExcelReader"/>
  <system-out/>
  <testcase name="GoogleTest" time="9.907" classname="TestNG.ExcelReader"/>
  <system-out/>
</testsuite> <!-- TestNG.ExcelReader -->
