<?xml version="1.0" encoding="UTF-8"?>
<!-- Generated by org.testng.reporters.JUnitReportReporter -->
<testsuite skipped="0" hostname="BLRL0000013672" name="TestNG.DataProviderTest" tests="2" failures="0" timestamp="2021-12-01T13:16:39 IST" time="6.794" errors="0">
  <testcase name="Userdata" time="4.406" classname="TestNG.DataProviderTest"/>
  <system-out/>
  <testcase name="Userdata" time="2.388" classname="TestNG.DataProviderTest"/>
  <system-out/>
</testsuite> <!-- TestNG.DataProviderTest -->
