<?xml version="1.0" encoding="UTF-8"?>
<!-- Generated by org.testng.reporters.JUnitReportReporter -->
<testsuite skipped="0" hostname="BLRL0000013672" name="TestNG.DataProvider_Example" tests="10" failures="0" timestamp="2021-12-01T20:56:29 IST" time="13.274" errors="0">
  <testcase name="logintest" time="1.362" classname="TestNG.DataProvider_Example"/>
  <system-out/>
  <testcase name="logintest" time="1.085" classname="TestNG.DataProvider_Example"/>
  <system-out/>
  <testcase name="logintest" time="1.218" classname="TestNG.DataProvider_Example"/>
  <system-out/>
  <testcase name="logintest" time="0.967" classname="TestNG.DataProvider_Example"/>
  <system-out/>
  <testcase name="logintest" time="1.119" classname="TestNG.DataProvider_Example"/>
  <system-out/>
  <testcase name="logintest" time="0.964" classname="TestNG.DataProvider_Example"/>
  <system-out/>
  <testcase name="logintest" time="3.503" classname="TestNG.DataProvider_Example"/>
  <system-out/>
  <testcase name="logintest" time="1.036" classname="TestNG.DataProvider_Example"/>
  <system-out/>
  <testcase name="logintest" time="0.944" classname="TestNG.DataProvider_Example"/>
  <system-out/>
  <testcase name="logintest" time="1.076" classname="TestNG.DataProvider_Example"/>
  <system-out/>
</testsuite> <!-- TestNG.DataProvider_Example -->
