<?xml version="1.0" encoding="UTF-8"?>
<!-- Generated by org.testng.reporters.JUnitReportReporter -->
<testsuite skipped="0" hostname="BLRL0000013672" name="TestNG.Annatotions_Example" tests="2" failures="0" timestamp="2021-11-23T21:08:31 IST" time="18.572" errors="0">
  <testcase name="GoogleTest" time="6.120" classname="TestNG.Annatotions_Example"/>
  <system-out/>
  <testcase name="AmazonTest" time="12.452" classname="TestNG.Annatotions_Example"/>
  <system-out/>
</testsuite> <!-- TestNG.Annatotions_Example -->
