<?xml version="1.0" encoding="UTF-8"?>
<!-- Generated by org.testng.reporters.JUnitReportReporter -->
<testsuite skipped="0" hostname="BLRL0000013672" name="TestNG.Authentication_Popup_Example" tests="1" failures="0" timestamp="2021-12-01T20:43:50 IST" time="6.948" errors="0">
  <testcase name="authentication_test" time="6.948" classname="TestNG.Authentication_Popup_Example"/>
  <system-out/>
</testsuite> <!-- TestNG.Authentication_Popup_Example -->
